TN:
SF:\\Mac\Home\Desktop\smartssh-smba\src\adapters\config-loader.js
FN:21,getConfig
FN:51,(anonymous_1)
FN:56,(anonymous_2)
FN:89,updateConfig
FN:115,getServerList
FN:122,(anonymous_5)
FN:130,(anonymous_6)
FN:157,addServer
FN:178,(anonymous_8)
FN:201,updateServer
FN:224,(anonymous_10)
FN:232,(anonymous_11)
FN:255,deleteServer
FN:278,(anonymous_13)
FN:299,openServerSettings
FN:316,getWorkspaceConfigPath
FN:339,ensureWorkspaceConfigExists
FN:368,loadWorkspaceConfig
FN:408,saveWorkspaceConfig
FN:439,getWorkspaceCommands
FN:457,addWorkspaceCommand
FN:494,updateWorkspaceCommand
FN:516,(anonymous_22)
FN:541,deleteWorkspaceCommand
FN:564,(anonymous_24)
FN:587,addGlobalCommand
FN:622,updateGlobalCommand
FN:645,(anonymous_27)
FN:670,deleteGlobalCommand
FN:693,(anonymous_29)
FN:714,refreshCache
FN:720,(anonymous_31)
FN:733,updateWorkspaceCommands
FN:746,(anonymous_33)
FNF:34
FNH:17
FNDA:32,getConfig
FNDA:20,(anonymous_1)
FNDA:26,(anonymous_2)
FNDA:3,updateConfig
FNDA:9,getServerList
FNDA:15,(anonymous_5)
FNDA:0,(anonymous_6)
FNDA:1,addServer
FNDA:1,(anonymous_8)
FNDA:1,updateServer
FNDA:1,(anonymous_10)
FNDA:0,(anonymous_11)
FNDA:1,deleteServer
FNDA:1,(anonymous_13)
FNDA:0,openServerSettings
FNDA:4,getWorkspaceConfigPath
FNDA:2,ensureWorkspaceConfigExists
FNDA:1,loadWorkspaceConfig
FNDA:1,saveWorkspaceConfig
FNDA:0,getWorkspaceCommands
FNDA:0,addWorkspaceCommand
FNDA:0,updateWorkspaceCommand
FNDA:0,(anonymous_22)
FNDA:0,deleteWorkspaceCommand
FNDA:0,(anonymous_24)
FNDA:0,addGlobalCommand
FNDA:0,updateGlobalCommand
FNDA:0,(anonymous_27)
FNDA:0,deleteGlobalCommand
FNDA:0,(anonymous_29)
FNDA:39,refreshCache
FNDA:0,(anonymous_31)
FNDA:0,updateWorkspaceCommands
FNDA:0,(anonymous_33)
DA:6,6
DA:7,6
DA:8,6
DA:9,6
DA:12,6
DA:13,6
DA:14,6
DA:15,6
DA:22,32
DA:24,32
DA:25,32
DA:26,11
DA:30,21
DA:33,21
DA:40,21
DA:47,21
DA:51,20
DA:56,26
DA:64,21
DA:65,21
DA:67,21
DA:69,21
DA:71,0
DA:73,0
DA:90,3
DA:92,3
DA:95,3
DA:98,0
DA:101,0
DA:102,0
DA:104,0
DA:106,3
DA:107,3
DA:116,9
DA:117,9
DA:119,9
DA:122,9
DA:123,15
DA:124,0
DA:125,0
DA:129,0
DA:130,0
DA:135,0
DA:136,0
DA:144,9
DA:146,0
DA:147,0
DA:158,1
DA:159,1
DA:160,0
DA:161,0
DA:165,1
DA:168,1
DA:173,1
DA:174,0
DA:178,1
DA:179,0
DA:180,0
DA:184,1
DA:187,1
DA:189,0
DA:190,0
DA:202,1
DA:203,1
DA:204,0
DA:205,0
DA:209,1
DA:212,1
DA:217,1
DA:218,0
DA:219,0
DA:220,0
DA:224,1
DA:225,1
DA:226,0
DA:227,0
DA:231,1
DA:232,0
DA:233,0
DA:234,0
DA:239,1
DA:242,1
DA:244,0
DA:245,0
DA:256,1
DA:257,1
DA:258,0
DA:259,0
DA:263,1
DA:266,1
DA:271,1
DA:272,0
DA:273,0
DA:274,0
DA:278,1
DA:279,1
DA:280,0
DA:281,0
DA:285,1
DA:288,1
DA:290,0
DA:291,0
DA:300,0
DA:301,0
DA:305,0
DA:307,0
DA:308,0
DA:317,4
DA:319,4
DA:320,4
DA:321,0
DA:325,4
DA:328,4
DA:330,0
DA:331,0
DA:340,2
DA:341,2
DA:342,2
DA:343,0
DA:346,2
DA:348,2
DA:349,2
DA:352,0
DA:356,0
DA:359,0
DA:360,0
DA:369,1
DA:371,1
DA:372,0
DA:376,1
DA:377,1
DA:378,0
DA:382,1
DA:383,1
DA:384,0
DA:388,1
DA:391,1
DA:394,1
DA:396,1
DA:398,0
DA:399,0
DA:409,1
DA:411,1
DA:412,1
DA:413,0
DA:417,1
DA:418,1
DA:419,0
DA:423,1
DA:426,1
DA:428,1
DA:430,0
DA:431,0
DA:440,0
DA:442,0
DA:445,0
DA:447,0
DA:448,0
DA:458,0
DA:459,0
DA:460,0
DA:461,0
DA:465,0
DA:466,0
DA:473,0
DA:474,0
DA:478,0
DA:481,0
DA:483,0
DA:484,0
DA:495,0
DA:496,0
DA:497,0
DA:498,0
DA:502,0
DA:503,0
DA:510,0
DA:511,0
DA:512,0
DA:516,0
DA:517,0
DA:520,0
DA:521,0
DA:522,0
DA:526,0
DA:529,0
DA:531,0
DA:532,0
DA:542,0
DA:543,0
DA:544,0
DA:545,0
DA:549,0
DA:550,0
DA:557,0
DA:558,0
DA:559,0
DA:563,0
DA:564,0
DA:565,0
DA:569,0
DA:570,0
DA:571,0
DA:575,0
DA:577,0
DA:578,0
DA:588,0
DA:589,0
DA:590,0
DA:591,0
DA:595,0
DA:596,0
DA:603,0
DA:604,0
DA:606,0
DA:609,0
DA:611,0
DA:612,0
DA:623,0
DA:624,0
DA:625,0
DA:626,0
DA:630,0
DA:631,0
DA:638,0
DA:639,0
DA:640,0
DA:641,0
DA:645,0
DA:646,0
DA:649,0
DA:650,0
DA:651,0
DA:655,0
DA:658,0
DA:660,0
DA:661,0
DA:671,0
DA:672,0
DA:673,0
DA:674,0
DA:678,0
DA:679,0
DA:686,0
DA:687,0
DA:688,0
DA:692,0
DA:693,0
DA:694,0
DA:698,0
DA:699,0
DA:700,0
DA:704,0
DA:706,0
DA:707,0
DA:715,39
DA:716,39
DA:720,6
DA:722,0
DA:724,0
DA:734,0
DA:735,0
DA:738,0
DA:739,0
DA:746,0
DA:748,0
DA:749,0
DA:753,0
DA:756,0
DA:758,0
DA:759,0
DA:761,0
DA:762,0
DA:766,6
LF:274
LH:93
BRDA:25,0,0,11
BRDA:25,0,1,21
BRDA:25,1,0,32
BRDA:25,1,1,13
BRDA:33,2,0,21
BRDA:33,2,1,4
BRDA:40,3,0,21
BRDA:40,3,1,6
BRDA:48,4,0,21
BRDA:48,4,1,7
BRDA:48,4,2,7
BRDA:49,5,0,21
BRDA:49,5,1,2
BRDA:49,6,0,21
BRDA:49,6,1,2
BRDA:51,7,0,21
BRDA:51,7,1,2
BRDA:56,8,0,21
BRDA:56,8,1,2
BRDA:59,9,0,26
BRDA:59,9,1,26
BRDA:67,10,0,21
BRDA:67,10,1,0
BRDA:89,11,0,0
BRDA:95,12,0,3
BRDA:95,12,1,0
BRDA:119,13,0,9
BRDA:119,13,1,0
BRDA:123,14,0,0
BRDA:123,14,1,15
BRDA:123,15,0,15
BRDA:123,15,1,0
BRDA:123,15,2,0
BRDA:124,16,0,0
BRDA:124,16,1,0
BRDA:130,17,0,0
BRDA:130,17,1,0
BRDA:135,18,0,0
BRDA:135,18,1,0
BRDA:157,19,0,0
BRDA:159,20,0,0
BRDA:159,20,1,1
BRDA:159,21,0,1
BRDA:159,21,1,1
BRDA:159,21,2,1
BRDA:159,21,3,1
BRDA:168,22,0,0
BRDA:168,22,1,1
BRDA:169,23,0,0
BRDA:169,23,1,0
BRDA:170,24,0,1
BRDA:170,24,1,0
BRDA:173,25,0,0
BRDA:173,25,1,1
BRDA:178,26,0,0
BRDA:178,26,1,1
BRDA:201,27,0,1
BRDA:203,28,0,0
BRDA:203,28,1,1
BRDA:203,29,0,1
BRDA:203,29,1,1
BRDA:212,30,0,0
BRDA:212,30,1,1
BRDA:213,31,0,0
BRDA:213,31,1,0
BRDA:214,32,0,1
BRDA:214,32,1,0
BRDA:217,33,0,0
BRDA:217,33,1,1
BRDA:225,34,0,0
BRDA:225,34,1,1
BRDA:231,35,0,0
BRDA:231,35,1,1
BRDA:232,36,0,0
BRDA:232,36,1,0
BRDA:255,37,0,1
BRDA:257,38,0,0
BRDA:257,38,1,1
BRDA:266,39,0,0
BRDA:266,39,1,1
BRDA:267,40,0,0
BRDA:267,40,1,0
BRDA:268,41,0,1
BRDA:268,41,1,0
BRDA:271,42,0,0
BRDA:271,42,1,1
BRDA:279,43,0,0
BRDA:279,43,1,1
BRDA:320,44,0,0
BRDA:320,44,1,4
BRDA:320,45,0,4
BRDA:320,45,1,4
BRDA:342,46,0,0
BRDA:342,46,1,2
BRDA:371,47,0,0
BRDA:371,47,1,1
BRDA:377,48,0,0
BRDA:377,48,1,1
BRDA:383,49,0,0
BRDA:383,49,1,1
BRDA:412,50,0,0
BRDA:412,50,1,1
BRDA:418,51,0,0
BRDA:418,51,1,1
BRDA:445,52,0,0
BRDA:445,52,1,0
BRDA:459,53,0,0
BRDA:459,53,1,0
BRDA:459,54,0,0
BRDA:459,54,1,0
BRDA:466,55,0,0
BRDA:466,55,1,0
BRDA:473,56,0,0
BRDA:473,56,1,0
BRDA:496,57,0,0
BRDA:496,57,1,0
BRDA:496,58,0,0
BRDA:496,58,1,0
BRDA:503,59,0,0
BRDA:503,59,1,0
BRDA:510,60,0,0
BRDA:510,60,1,0
BRDA:510,61,0,0
BRDA:510,61,1,0
BRDA:517,62,0,0
BRDA:517,62,1,0
BRDA:520,63,0,0
BRDA:520,63,1,0
BRDA:543,64,0,0
BRDA:543,64,1,0
BRDA:550,65,0,0
BRDA:550,65,1,0
BRDA:557,66,0,0
BRDA:557,66,1,0
BRDA:557,67,0,0
BRDA:557,67,1,0
BRDA:565,68,0,0
BRDA:565,68,1,0
BRDA:569,69,0,0
BRDA:569,69,1,0
BRDA:589,70,0,0
BRDA:589,70,1,0
BRDA:589,71,0,0
BRDA:589,71,1,0
BRDA:596,72,0,0
BRDA:596,72,1,0
BRDA:603,73,0,0
BRDA:603,73,1,0
BRDA:624,74,0,0
BRDA:624,74,1,0
BRDA:624,75,0,0
BRDA:624,75,1,0
BRDA:631,76,0,0
BRDA:631,76,1,0
BRDA:638,77,0,0
BRDA:638,77,1,0
BRDA:646,78,0,0
BRDA:646,78,1,0
BRDA:649,79,0,0
BRDA:649,79,1,0
BRDA:672,80,0,0
BRDA:672,80,1,0
BRDA:679,81,0,0
BRDA:679,81,1,0
BRDA:686,82,0,0
BRDA:686,82,1,0
BRDA:686,83,0,0
BRDA:686,83,1,0
BRDA:694,84,0,0
BRDA:694,84,1,0
BRDA:698,85,0,0
BRDA:698,85,1,0
BRDA:722,86,0,0
BRDA:722,86,1,0
BRDA:739,87,0,0
BRDA:739,87,1,0
BRF:176
BRH:59
end_of_record
TN:
SF:\\Mac\Home\Desktop\smartssh-smba\src\commands\command.js
FN:19,addCommand
FN:73,addGlobalCommand
FN:80,addWorkspaceCommand
FN:116,(anonymous_3)
FN:145,editCommand
FN:210,deleteCommand
FN:255,sendCommand
FN:357,(anonymous_7)
FN:406,(anonymous_8)
FN:443,(anonymous_9)
FN:498,refreshCommandList
FN:521,openSettings
FN:534,openWorkspaceCommandsSettings
FN:558,createLocalCommands
FN:567,deleteLocalCommand
FN:585,(anonymous_15)
FN:609,setLogLevel
FN:632,setLogTarget
FN:642,(anonymous_18)
FN:665,toggleLogging
FN:683,createWorkspaceSettings
FN:724,register
FNF:22
FNH:1
FNDA:0,addCommand
FNDA:0,addGlobalCommand
FNDA:0,addWorkspaceCommand
FNDA:0,(anonymous_3)
FNDA:0,editCommand
FNDA:0,deleteCommand
FNDA:5,sendCommand
FNDA:0,(anonymous_7)
FNDA:0,(anonymous_8)
FNDA:0,(anonymous_9)
FNDA:0,refreshCommandList
FNDA:0,openSettings
FNDA:0,openWorkspaceCommandsSettings
FNDA:0,createLocalCommands
FNDA:0,deleteLocalCommand
FNDA:0,(anonymous_15)
FNDA:0,setLogLevel
FNDA:0,setLogTarget
FNDA:0,(anonymous_18)
FNDA:0,toggleLogging
FNDA:0,createWorkspaceSettings
FNDA:0,register
DA:6,1
DA:7,1
DA:8,1
DA:9,1
DA:10,1
DA:20,0
DA:22,0
DA:27,0
DA:29,0
DA:34,0
DA:36,0
DA:42,0
DA:50,0
DA:51,0
DA:53,0
DA:56,0
DA:57,0
DA:60,0
DA:62,0
DA:65,0
DA:66,0
DA:74,0
DA:81,0
DA:83,0
DA:88,0
DA:90,0
DA:95,0
DA:97,0
DA:103,0
DA:113,0
DA:116,0
DA:117,0
DA:118,0
DA:122,0
DA:125,0
DA:127,0
DA:128,0
DA:131,0
DA:133,0
DA:136,0
DA:137,0
DA:146,0
DA:147,0
DA:148,0
DA:149,0
DA:153,0
DA:159,0
DA:161,0
DA:167,0
DA:169,0
DA:176,0
DA:184,0
DA:186,0
DA:187,0
DA:189,0
DA:192,0
DA:193,0
DA:196,0
DA:198,0
DA:201,0
DA:202,0
DA:211,0
DA:212,0
DA:213,0
DA:214,0
DA:218,0
DA:225,0
DA:229,0
DA:231,0
DA:232,0
DA:234,0
DA:237,0
DA:238,0
DA:241,0
DA:243,0
DA:246,0
DA:247,0
DA:256,5
DA:257,5
DA:260,5
DA:261,5
DA:262,5
DA:265,5
DA:267,1
DA:269,4
DA:271,2
DA:272,1
DA:273,1
DA:274,1
DA:277,2
DA:279,0
DA:283,5
DA:284,2
DA:285,2
DA:286,2
DA:290,3
DA:292,0
DA:293,0
DA:294,0
DA:297,0
DA:298,0
DA:301,0
DA:304,0
DA:306,0
DA:309,0
DA:311,0
DA:314,0
DA:315,0
DA:318,0
DA:321,0
DA:322,0
DA:325,0
DA:326,0
DA:327,0
DA:328,0
DA:329,0
DA:334,0
DA:336,0
DA:337,0
DA:339,0
DA:340,0
DA:341,0
DA:342,0
DA:344,0
DA:345,0
DA:346,0
DA:350,0
DA:351,0
DA:353,0
DA:354,0
DA:357,0
DA:360,0
DA:361,0
DA:362,0
DA:363,0
DA:364,0
DA:365,0
DA:367,0
DA:368,0
DA:370,0
DA:372,0
DA:373,0
DA:374,0
DA:382,3
DA:385,3
DA:387,0
DA:388,0
DA:390,0
DA:391,0
DA:392,0
DA:393,0
DA:397,0
DA:398,0
DA:399,0
DA:400,0
DA:401,0
DA:402,0
DA:406,0
DA:414,0
DA:419,0
DA:420,0
DA:421,0
DA:422,0
DA:423,0
DA:428,3
DA:435,3
DA:437,0
DA:438,0
DA:439,0
DA:440,0
DA:443,0
DA:446,0
DA:447,0
DA:448,0
DA:449,0
DA:450,0
DA:451,0
DA:453,0
DA:456,0
DA:457,3
DA:459,3
DA:460,3
DA:461,1
DA:462,1
DA:463,1
DA:465,2
DA:466,2
DA:467,2
DA:468,2
DA:470,3
DA:473,0
DA:478,0
DA:479,0
DA:480,0
DA:481,0
DA:482,0
DA:484,0
DA:485,0
DA:486,0
DA:487,0
DA:490,0
DA:491,0
DA:499,0
DA:501,0
DA:504,0
DA:505,0
DA:507,0
DA:511,0
DA:513,0
DA:514,0
DA:522,0
DA:524,0
DA:526,0
DA:527,0
DA:535,0
DA:537,0
DA:538,0
DA:545,0
DA:550,0
DA:551,0
DA:560,0
DA:568,0
DA:569,0
DA:570,0
DA:574,0
DA:580,0
DA:582,0
DA:585,0
DA:586,0
DA:590,0
DA:592,0
DA:593,0
DA:595,0
DA:597,0
DA:601,0
DA:602,0
DA:610,0
DA:611,0
DA:612,0
DA:614,0
DA:619,0
DA:620,0
DA:621,0
DA:624,0
DA:625,0
DA:633,0
DA:634,0
DA:635,0
DA:642,0
DA:647,0
DA:652,0
DA:653,0
DA:654,0
DA:657,0
DA:658,0
DA:666,0
DA:667,0
DA:668,0
DA:670,0
DA:671,0
DA:673,0
DA:676,0
DA:684,0
DA:686,0
DA:687,0
DA:688,0
DA:692,0
DA:693,0
DA:700,0
DA:706,0
DA:708,0
DA:714,0
DA:715,0
DA:726,0
DA:729,0
DA:734,0
DA:739,0
DA:744,0
DA:749,0
DA:754,0
DA:759,0
DA:764,0
DA:769,0
DA:774,0
DA:779,0
DA:784,0
DA:789,0
DA:794,0
DA:799,1
LF:289
LH:39
BRDA:19,0,0,0
BRDA:27,1,0,0
BRDA:27,1,1,0
BRDA:34,2,0,0
BRDA:34,2,1,0
BRDA:50,3,0,0
BRDA:50,3,1,0
BRDA:56,4,0,0
BRDA:56,4,1,0
BRDA:88,5,0,0
BRDA:88,5,1,0
BRDA:95,6,0,0
BRDA:95,6,1,0
BRDA:108,7,0,0
BRDA:108,7,1,0
BRDA:116,8,0,0
BRDA:116,8,1,0
BRDA:127,9,0,0
BRDA:127,9,1,0
BRDA:147,10,0,0
BRDA:147,10,1,0
BRDA:147,11,0,0
BRDA:147,11,1,0
BRDA:156,12,0,0
BRDA:156,12,1,0
BRDA:159,13,0,0
BRDA:159,13,1,0
BRDA:164,14,0,0
BRDA:164,14,1,0
BRDA:167,15,0,0
BRDA:167,15,1,0
BRDA:172,16,0,0
BRDA:172,16,1,0
BRDA:186,17,0,0
BRDA:186,17,1,0
BRDA:192,18,0,0
BRDA:192,18,1,0
BRDA:212,19,0,0
BRDA:212,19,1,0
BRDA:212,20,0,0
BRDA:212,20,1,0
BRDA:219,21,0,0
BRDA:219,21,1,0
BRDA:225,22,0,0
BRDA:225,22,1,0
BRDA:231,23,0,0
BRDA:231,23,1,0
BRDA:237,24,0,0
BRDA:237,24,1,0
BRDA:265,25,0,1
BRDA:265,25,1,4
BRDA:269,26,0,2
BRDA:269,26,1,2
BRDA:271,27,0,1
BRDA:271,27,1,1
BRDA:271,28,0,2
BRDA:271,28,1,1
BRDA:273,29,0,1
BRDA:273,29,1,0
BRDA:277,30,0,0
BRDA:277,30,1,2
BRDA:283,31,0,2
BRDA:283,31,1,3
BRDA:290,32,0,0
BRDA:290,32,1,3
BRDA:298,33,0,0
BRDA:298,33,1,0
BRDA:304,34,0,0
BRDA:304,34,1,0
BRDA:304,35,0,0
BRDA:304,35,1,0
BRDA:309,36,0,0
BRDA:309,36,1,0
BRDA:315,37,0,0
BRDA:315,37,1,0
BRDA:315,38,0,0
BRDA:315,38,1,0
BRDA:315,38,2,0
BRDA:321,39,0,0
BRDA:321,39,1,0
BRDA:325,40,0,0
BRDA:325,40,1,0
BRDA:334,41,0,0
BRDA:334,41,1,0
BRDA:361,42,0,0
BRDA:361,42,1,0
BRDA:385,43,0,0
BRDA:385,43,1,3
BRDA:388,44,0,0
BRDA:388,44,1,0
BRDA:397,45,0,0
BRDA:397,45,1,0
BRDA:407,46,0,0
BRDA:407,46,1,0
BRDA:408,47,0,0
BRDA:408,47,1,0
BRDA:408,48,0,0
BRDA:408,48,1,0
BRDA:419,49,0,0
BRDA:419,49,1,0
BRDA:435,50,0,0
BRDA:435,50,1,3
BRDA:439,51,0,0
BRDA:439,51,1,0
BRDA:447,52,0,0
BRDA:447,52,1,0
BRDA:457,53,0,3
BRDA:457,53,1,0
BRDA:460,54,0,1
BRDA:460,54,1,2
BRDA:479,55,0,0
BRDA:479,55,1,0
BRDA:504,56,0,0
BRDA:504,56,1,0
BRDA:538,57,0,0
BRDA:538,57,1,0
BRDA:569,58,0,0
BRDA:569,58,1,0
BRDA:569,59,0,0
BRDA:569,59,1,0
BRDA:575,60,0,0
BRDA:575,60,1,0
BRDA:580,61,0,0
BRDA:580,61,1,0
BRDA:586,62,0,0
BRDA:586,62,1,0
BRDA:592,63,0,0
BRDA:592,63,1,0
BRDA:619,64,0,0
BRDA:619,64,1,0
BRDA:652,65,0,0
BRDA:652,65,1,0
BRDA:670,66,0,0
BRDA:670,66,1,0
BRDA:686,67,0,0
BRDA:686,67,1,0
BRDA:686,68,0,0
BRDA:686,68,1,0
BRDA:693,69,0,0
BRDA:693,69,1,0
BRDA:706,70,0,0
BRDA:706,70,1,0
BRF:142
BRH:18
end_of_record
TN:
SF:\\Mac\Home\Desktop\smartssh-smba\src\services\ssh-service.js
FN:20,openTerminal
FN:47,connectToServer
FN:56,(anonymous_2)
FN:90,checkSSHExecutable
FN:103,getServerList
FN:112,findServerForPath
FNF:6
FNH:6
FNDA:4,openTerminal
FNDA:2,connectToServer
FNDA:3,(anonymous_2)
FNDA:4,checkSSHExecutable
FNDA:3,getServerList
FNDA:2,findServerForPath
DA:6,1
DA:7,1
DA:8,1
DA:9,1
DA:10,1
DA:11,1
DA:12,1
DA:13,1
DA:21,4
DA:22,4
DA:23,1
DA:26,3
DA:28,3
DA:29,1
DA:32,2
DA:34,2
DA:36,2
DA:37,2
DA:48,2
DA:50,2
DA:51,0
DA:55,2
DA:56,3
DA:58,2
DA:59,1
DA:63,1
DA:64,1
DA:65,1
DA:67,0
DA:68,0
DA:69,0
DA:70,0
DA:75,1
DA:77,1
DA:78,1
DA:80,1
DA:81,1
DA:82,1
DA:91,4
DA:92,1
DA:93,1
DA:94,1
DA:96,3
DA:104,3
DA:113,2
DA:116,1
LF:46
LH:41
BRDA:22,0,0,1
BRDA:22,0,1,3
BRDA:28,1,0,1
BRDA:28,1,1,2
BRDA:47,2,0,2
BRDA:50,3,0,0
BRDA:50,3,1,2
BRDA:58,4,0,1
BRDA:58,4,1,1
BRDA:63,5,0,1
BRDA:63,5,1,0
BRDA:65,6,0,0
BRDA:65,6,1,1
BRDA:91,7,0,1
BRDA:91,7,1,3
BRF:15
BRH:12
end_of_record
TN:
SF:\\Mac\Home\Desktop\smartssh-smba\src\services\terminal-manager.js
FN:22,(anonymous_0)
FN:35,(anonymous_1)
FN:38,(anonymous_2)
FN:45,(anonymous_3)
FN:53,(anonymous_4)
FN:56,(anonymous_5)
FN:63,(anonymous_6)
FN:70,(anonymous_7)
FN:84,(anonymous_8)
FN:98,(anonymous_9)
FN:140,(anonymous_10)
FN:184,(anonymous_11)
FN:199,(anonymous_12)
FN:224,(anonymous_13)
FN:251,(anonymous_14)
FN:280,(anonymous_15)
FN:301,(anonymous_16)
FN:332,(anonymous_17)
FN:364,(anonymous_18)
FN:381,(anonymous_19)
FN:466,(anonymous_20)
FN:497,(anonymous_21)
FN:521,(anonymous_22)
FN:542,(anonymous_23)
FN:559,(anonymous_24)
FN:578,(anonymous_25)
FN:601,(anonymous_26)
FNF:27
FNH:13
FNDA:2,(anonymous_0)
FNDA:0,(anonymous_1)
FNDA:0,(anonymous_2)
FNDA:0,(anonymous_3)
FNDA:0,(anonymous_4)
FNDA:0,(anonymous_5)
FNDA:0,(anonymous_6)
FNDA:2,(anonymous_7)
FNDA:0,(anonymous_8)
FNDA:1,(anonymous_9)
FNDA:9,(anonymous_10)
FNDA:3,(anonymous_11)
FNDA:0,(anonymous_12)
FNDA:0,(anonymous_13)
FNDA:0,(anonymous_14)
FNDA:1,(anonymous_15)
FNDA:0,(anonymous_16)
FNDA:2,(anonymous_17)
FNDA:0,(anonymous_18)
FNDA:7,(anonymous_19)
FNDA:0,(anonymous_20)
FNDA:3,(anonymous_21)
FNDA:3,(anonymous_22)
FNDA:3,(anonymous_23)
FNDA:2,(anonymous_24)
FNDA:0,(anonymous_25)
FNDA:5,(anonymous_26)
DA:6,2
DA:7,2
DA:8,2
DA:11,2
DA:12,2
DA:15,2
DA:24,2
DA:27,2
DA:36,0
DA:37,0
DA:38,0
DA:39,0
DA:40,0
DA:41,0
DA:45,0
DA:54,0
DA:55,0
DA:56,0
DA:57,0
DA:58,0
DA:59,0
DA:63,0
DA:71,2
DA:72,2
DA:73,0
DA:76,0
DA:85,0
DA:86,0
DA:87,0
DA:90,0
DA:99,1
DA:101,1
DA:102,1
DA:103,1
DA:105,1
DA:106,4
DA:107,1
DA:108,1
DA:110,1
DA:111,1
DA:112,1
DA:113,1
DA:118,1
DA:119,0
DA:122,0
DA:129,0
DA:141,9
DA:143,9
DA:144,9
DA:146,2
DA:147,2
DA:148,1
DA:150,1
DA:151,1
DA:155,9
DA:161,8
DA:164,8
DA:165,2
DA:172,8
DA:174,1
DA:175,1
DA:185,3
DA:186,3
DA:187,3
DA:189,0
DA:190,0
DA:200,0
DA:201,0
DA:202,0
DA:203,0
DA:206,0
DA:213,0
DA:215,0
DA:216,0
DA:225,0
DA:226,0
DA:227,0
DA:229,0
DA:230,0
DA:233,0
DA:240,0
DA:242,0
DA:243,0
DA:252,0
DA:253,0
DA:254,0
DA:255,0
DA:257,0
DA:261,0
DA:269,0
DA:271,0
DA:272,0
DA:281,1
DA:282,1
DA:283,1
DA:284,6
DA:292,0
DA:294,1
DA:302,0
DA:303,0
DA:306,0
DA:307,0
DA:308,0
DA:310,0
DA:311,0
DA:312,0
DA:315,0
DA:316,0
DA:320,0
DA:322,0
DA:323,0
DA:333,2
DA:334,2
DA:335,1
DA:336,1
DA:340,1
DA:343,1
DA:347,1
DA:353,1
DA:359,1
DA:360,1
DA:363,1
DA:364,0
DA:365,0
DA:369,1
DA:371,0
DA:372,0
DA:382,7
DA:383,7
DA:385,7
DA:386,1
DA:390,6
DA:391,6
DA:392,6
DA:395,6
DA:396,1
DA:397,1
DA:398,1
DA:402,6
DA:403,1
DA:404,1
DA:405,1
DA:406,1
DA:407,5
DA:408,0
DA:409,0
DA:410,0
DA:413,5
DA:414,5
DA:418,6
DA:419,6
DA:420,6
DA:423,6
DA:424,6
DA:427,6
DA:430,6
DA:434,0
DA:435,0
DA:438,0
DA:440,0
DA:441,0
DA:444,0
DA:445,0
DA:446,0
DA:451,0
DA:452,0
DA:453,0
DA:455,0
DA:456,0
DA:457,0
DA:462,0
DA:463,0
DA:466,0
DA:467,0
DA:470,0
DA:471,0
DA:473,0
DA:478,0
DA:479,0
DA:480,0
DA:482,6
DA:483,6
DA:484,6
DA:498,3
DA:500,3
DA:505,3
DA:509,3
DA:511,0
DA:512,0
DA:522,3
DA:524,3
DA:525,3
DA:526,1
DA:530,2
DA:532,0
DA:533,0
DA:543,3
DA:544,3
DA:545,2
DA:546,1
DA:547,1
DA:549,1
DA:551,1
DA:552,1
DA:560,2
DA:561,2
DA:562,3
DA:563,3
DA:566,1
DA:567,1
DA:569,1
DA:579,0
DA:580,0
DA:581,0
DA:582,0
DA:591,0
DA:593,0
DA:602,5
DA:603,5
DA:606,5
DA:607,0
DA:608,0
DA:612,5
DA:613,5
DA:615,0
DA:616,5
DA:617,5
DA:618,3
DA:620,2
DA:621,2
DA:624,0
DA:625,0
DA:629,3
DA:631,3
DA:632,1
DA:633,1
DA:637,2
DA:638,1
DA:640,1
DA:641,1
DA:643,1
DA:644,1
DA:650,2
DA:651,2
LF:244
LH:133
BRDA:36,0,0,0
BRDA:36,0,1,0
BRDA:40,1,0,0
BRDA:40,1,1,0
BRDA:54,2,0,0
BRDA:54,2,1,0
BRDA:58,3,0,0
BRDA:58,3,1,0
BRDA:106,4,0,1
BRDA:106,4,1,3
BRDA:107,5,0,1
BRDA:107,5,1,1
BRDA:108,6,0,0
BRDA:108,6,1,1
BRDA:108,7,0,0
BRDA:108,7,1,0
BRDA:118,8,0,0
BRDA:118,8,1,1
BRDA:118,9,0,1
BRDA:118,9,1,1
BRDA:140,10,0,3
BRDA:144,11,0,2
BRDA:144,11,1,7
BRDA:147,12,0,1
BRDA:147,12,1,1
BRDA:164,13,0,2
BRDA:164,13,1,6
BRDA:168,14,0,2
BRDA:168,14,1,1
BRDA:187,15,0,0
BRDA:187,15,1,3
BRDA:203,16,0,0
BRDA:203,16,1,0
BRDA:203,17,0,0
BRDA:203,17,1,0
BRDA:203,17,2,0
BRDA:203,17,3,0
BRDA:227,18,0,0
BRDA:227,18,1,0
BRDA:230,19,0,0
BRDA:230,19,1,0
BRDA:230,20,0,0
BRDA:230,20,1,0
BRDA:230,20,2,0
BRDA:255,21,0,0
BRDA:255,21,1,0
BRDA:255,22,0,0
BRDA:255,22,1,0
BRDA:257,23,0,0
BRDA:257,23,1,0
BRDA:257,23,2,0
BRDA:258,24,0,0
BRDA:258,24,1,0
BRDA:287,25,0,6
BRDA:287,25,1,6
BRDA:288,26,0,2
BRDA:288,26,1,4
BRDA:288,27,0,6
BRDA:288,27,1,6
BRDA:288,28,0,2
BRDA:288,28,1,1
BRDA:308,29,0,0
BRDA:308,29,1,0
BRDA:312,30,0,0
BRDA:312,30,1,0
BRDA:312,31,0,0
BRDA:312,31,1,0
BRDA:334,32,0,1
BRDA:334,32,1,1
BRDA:334,33,0,2
BRDA:334,33,1,2
BRDA:334,33,2,2
BRDA:334,33,3,1
BRDA:349,34,0,1
BRDA:349,34,1,0
BRDA:363,35,0,0
BRDA:363,35,1,1
BRDA:363,36,0,1
BRDA:363,36,1,0
BRDA:385,37,0,1
BRDA:385,37,1,6
BRDA:395,38,0,1
BRDA:395,38,1,5
BRDA:395,39,0,6
BRDA:395,39,1,1
BRDA:402,40,0,1
BRDA:402,40,1,5
BRDA:407,41,0,0
BRDA:407,41,1,5
BRDA:430,42,0,6
BRDA:430,42,1,0
BRDA:434,43,0,0
BRDA:434,43,1,0
BRDA:440,44,0,0
BRDA:440,44,1,0
BRDA:451,45,0,0
BRDA:451,45,1,0
BRDA:451,46,0,0
BRDA:451,46,1,0
BRDA:455,47,0,0
BRDA:455,47,1,0
BRDA:497,48,0,0
BRDA:521,49,0,0
BRDA:525,50,0,1
BRDA:525,50,1,2
BRDA:545,51,0,1
BRDA:545,51,1,1
BRDA:562,52,0,3
BRDA:562,52,1,0
BRDA:581,53,0,0
BRDA:581,53,1,0
BRDA:585,54,0,0
BRDA:585,54,1,0
BRDA:586,55,0,0
BRDA:586,55,1,0
BRDA:586,56,0,0
BRDA:586,56,1,0
BRDA:586,57,0,0
BRDA:586,57,1,0
BRDA:606,58,0,0
BRDA:606,58,1,5
BRDA:613,59,0,0
BRDA:613,59,1,5
BRDA:616,60,0,5
BRDA:616,60,1,0
BRDA:617,61,0,3
BRDA:617,61,1,2
BRDA:631,62,0,1
BRDA:631,62,1,2
BRF:129
BRH:57
end_of_record
TN:
SF:\\Mac\Home\Desktop\smartssh-smba\src\utils\logger.js
FN:20,(anonymous_0)
FN:43,(anonymous_1)
FN:55,(anonymous_2)
FN:121,(anonymous_3)
FN:130,(anonymous_4)
FN:139,(anonymous_5)
FN:148,(anonymous_6)
FN:156,(anonymous_7)
FN:185,(anonymous_8)
FN:194,(anonymous_9)
FN:213,(anonymous_10)
FN:220,(anonymous_11)
FN:227,(anonymous_12)
FN:236,(anonymous_13)
FN:245,(anonymous_14)
FN:253,(anonymous_15)
FN:285,(anonymous_16)
FN:293,(anonymous_17)
FN:306,(anonymous_18)
FN:318,loadLogLevelFromConfig
FN:329,(anonymous_20)
FN:339,logPathConversion
FNF:22
FNH:11
FNDA:5,(anonymous_0)
FNDA:40,(anonymous_1)
FNDA:44,(anonymous_2)
FNDA:8,(anonymous_3)
FNDA:29,(anonymous_4)
FNDA:2,(anonymous_5)
FNDA:5,(anonymous_6)
FNDA:5,(anonymous_7)
FNDA:0,(anonymous_8)
FNDA:5,(anonymous_9)
FNDA:0,(anonymous_10)
FNDA:0,(anonymous_11)
FNDA:0,(anonymous_12)
FNDA:0,(anonymous_13)
FNDA:0,(anonymous_14)
FNDA:0,(anonymous_15)
FNDA:0,(anonymous_16)
FNDA:0,(anonymous_17)
FNDA:0,(anonymous_18)
FNDA:5,loadLogLevelFromConfig
FNDA:0,(anonymous_20)
FNDA:1,logPathConversion
DA:6,5
DA:9,5
DA:22,5
DA:25,5
DA:28,5
DA:29,5
DA:30,5
DA:35,5
DA:36,5
DA:44,40
DA:45,40
DA:57,44
DA:58,4
DA:61,40
DA:63,40
DA:64,40
DA:67,40
DA:68,40
DA:69,0
DA:70,0
DA:71,0
DA:72,0
DA:74,0
DA:75,0
DA:78,0
DA:79,0
DA:84,40
DA:85,40
DA:89,40
DA:91,40
DA:92,40
DA:94,5
DA:95,5
DA:97,28
DA:98,28
DA:100,2
DA:101,2
DA:103,5
DA:104,5
DA:106,0
DA:111,0
DA:112,0
DA:122,8
DA:131,29
DA:140,2
DA:149,5
DA:157,5
DA:158,1
DA:160,0
DA:161,0
DA:163,1
DA:164,1
DA:166,0
DA:167,0
DA:169,0
DA:170,0
DA:172,0
DA:174,4
DA:175,0
DA:178,5
DA:186,0
DA:195,5
DA:197,4
DA:199,1
DA:201,0
DA:203,0
DA:205,0
DA:214,0
DA:221,0
DA:228,0
DA:237,0
DA:246,0
DA:254,0
DA:255,0
DA:257,0
DA:258,0
DA:259,0
DA:261,0
DA:262,0
DA:263,0
DA:264,0
DA:266,0
DA:267,0
DA:268,0
DA:269,0
DA:271,0
DA:272,0
DA:273,0
DA:275,0
DA:276,0
DA:278,0
DA:286,0
DA:294,0
DA:295,0
DA:297,0
DA:299,0
DA:307,0
DA:308,0
DA:309,0
DA:310,0
DA:315,5
DA:319,5
DA:320,5
DA:321,5
DA:322,5
DA:324,0
DA:329,5
DA:330,0
DA:331,0
DA:336,5
DA:340,1
DA:343,5
LF:112
LH:53
BRDA:55,0,0,0
BRDA:57,1,0,4
BRDA:57,1,1,40
BRDA:68,2,0,0
BRDA:68,2,1,40
BRDA:69,3,0,0
BRDA:69,3,1,0
BRDA:84,4,0,40
BRDA:84,4,1,0
BRDA:89,5,0,40
BRDA:89,5,1,0
BRDA:92,6,0,5
BRDA:92,6,1,28
BRDA:92,6,2,2
BRDA:92,6,3,5
BRDA:92,6,4,0
BRDA:121,7,0,7
BRDA:130,8,0,29
BRDA:139,9,0,2
BRDA:148,10,0,5
BRDA:157,11,0,1
BRDA:157,11,1,4
BRDA:158,12,0,0
BRDA:158,12,1,1
BRDA:158,12,2,0
BRDA:158,12,3,0
BRDA:158,12,4,0
BRDA:174,13,0,0
BRDA:174,13,1,4
BRDA:195,14,0,4
BRDA:195,14,1,1
BRDA:195,14,2,0
BRDA:195,14,3,0
BRDA:195,14,4,0
BRDA:236,15,0,0
BRDA:245,16,0,0
BRDA:255,17,0,0
BRDA:255,17,1,0
BRDA:255,17,2,0
BRDA:255,17,3,0
BRDA:255,17,4,0
BRDA:286,18,0,0
BRDA:286,18,1,0
BRDA:294,19,0,0
BRDA:294,19,1,0
BRDA:299,20,0,0
BRDA:299,20,1,0
BRDA:330,21,0,0
BRDA:330,21,1,0
BRDA:339,22,0,0
BRF:50
BRH:19
end_of_record
TN:
SF:\\Mac\Home\Desktop\smartssh-smba\src\utils\path-utils.js
FN:28,normalizePath
FN:86,extractFileInfo
FN:167,checkPathExists
FN:185,getPathMappings
FN:213,convertRemotePathToLocal
FN:280,convertLocalPathToRemote
FN:375,findServerForPath
FN:423,findServerForPathDetailed
FN:520,findPotentialPaths
FN:628,processPathsFromText
FN:653,(anonymous_10)
FN:716,(anonymous_11)
FN:733,openPathFromText
FN:754,(anonymous_13)
FNF:14
FNH:12
FNDA:51,normalizePath
FNDA:4,extractFileInfo
FNDA:2,checkPathExists
FNDA:20,getPathMappings
FNDA:9,convertRemotePathToLocal
FNDA:6,convertLocalPathToRemote
FNDA:5,findServerForPath
FNDA:2,findServerForPathDetailed
FNDA:7,findPotentialPaths
FNDA:5,processPathsFromText
FNDA:3,(anonymous_10)
FNDA:3,(anonymous_11)
FNDA:0,openPathFromText
FNDA:0,(anonymous_13)
DA:13,3
DA:14,3
DA:15,3
DA:16,3
DA:17,3
DA:29,51
DA:31,51
DA:32,3
DA:33,3
DA:34,3
DA:38,48
DA:41,48
DA:42,48
DA:43,7
DA:44,7
DA:46,7
DA:47,7
DA:51,48
DA:52,48
DA:53,48
DA:54,7
DA:58,48
DA:59,48
DA:60,2
DA:61,2
DA:63,46
DA:64,46
DA:65,2
DA:70,48
DA:71,48
DA:72,43
DA:73,43
DA:76,48
DA:77,48
DA:78,48
DA:87,4
DA:89,4
DA:90,1
DA:98,3
DA:99,0
DA:107,3
DA:110,3
DA:111,3
DA:112,3
DA:113,3
DA:114,3
DA:117,3
DA:118,3
DA:120,3
DA:121,3
DA:127,0
DA:128,0
DA:137,0
DA:138,0
DA:144,0
DA:145,0
DA:152,0
DA:154,0
DA:168,2
DA:169,2
DA:170,1
DA:172,1
DA:186,20
DA:187,2
DA:190,18
DA:193,18
DA:194,17
DA:198,18
DA:199,2
DA:201,2
DA:204,18
DA:214,9
DA:216,9
DA:217,9
DA:218,3
DA:219,3
DA:220,3
DA:224,6
DA:225,6
DA:226,0
DA:227,0
DA:228,0
DA:232,6
DA:233,6
DA:236,6
DA:237,7
DA:238,7
DA:241,7
DA:243,4
DA:244,4
DA:247,4
DA:248,4
DA:251,4
DA:253,4
DA:259,4
DA:260,4
DA:264,2
DA:265,2
DA:266,2
DA:268,0
DA:269,0
DA:270,0
DA:281,6
DA:283,6
DA:284,6
DA:285,3
DA:286,3
DA:287,3
DA:291,3
DA:292,3
DA:293,0
DA:294,0
DA:295,0
DA:299,3
DA:301,3
DA:304,3
DA:306,4
DA:308,4
DA:309,4
DA:312,4
DA:314,2
DA:315,2
DA:318,2
DA:319,2
DA:322,2
DA:323,2
DA:324,2
DA:326,2
DA:329,2
DA:330,2
DA:333,2
DA:336,2
DA:337,2
DA:340,2
DA:341,0
DA:342,0
DA:345,2
DA:351,2
DA:352,2
DA:356,1
DA:357,1
DA:358,1
DA:360,0
DA:361,0
DA:362,0
DA:376,5
DA:377,5
DA:378,2
DA:382,3
DA:383,3
DA:384,1
DA:388,2
DA:391,2
DA:393,3
DA:396,3
DA:397,0
DA:401,3
DA:402,3
DA:405,3
DA:406,1
DA:411,1
DA:413,0
DA:414,0
DA:424,2
DA:426,2
DA:427,2
DA:428,0
DA:429,0
DA:430,0
DA:434,2
DA:435,2
DA:436,0
DA:437,0
DA:438,0
DA:442,2
DA:443,2
DA:446,2
DA:449,2
DA:451,3
DA:452,3
DA:455,3
DA:456,0
DA:461,0
DA:465,3
DA:466,3
DA:467,3
DA:468,3
DA:471,3
DA:472,1
DA:473,1
DA:480,1
DA:481,1
DA:482,1
DA:483,1
DA:489,2
DA:501,1
DA:502,1
DA:503,1
DA:505,0
DA:506,0
DA:507,0
DA:521,7
DA:522,7
DA:524,7
DA:527,7
DA:529,7
DA:530,1
DA:531,34
DA:536,7
DA:560,7
DA:562,28
DA:564,12
DA:565,12
DA:566,168
DA:567,1
DA:568,1
DA:572,12
DA:573,1
DA:574,1
DA:577,11
DA:580,11
DA:581,11
DA:582,11
DA:585,11
DA:596,11
DA:609,11
DA:613,0
DA:615,7
DA:629,5
DA:631,5
DA:632,5
DA:633,3
DA:634,3
DA:635,3
DA:639,2
DA:640,2
DA:643,2
DA:644,0
DA:645,0
DA:649,2
DA:650,2
DA:653,2
DA:655,3
DA:656,0
DA:657,0
DA:660,3
DA:661,3
DA:664,3
DA:666,2
DA:667,2
DA:668,1
DA:670,1
DA:673,1
DA:674,1
DA:676,1
DA:677,1
DA:679,1
DA:683,1
DA:685,0
DA:686,0
DA:687,0
DA:690,0
DA:694,0
DA:695,0
DA:699,3
DA:700,2
DA:701,2
DA:707,1
DA:711,1
DA:714,2
DA:716,3
DA:719,2
DA:721,0
DA:722,0
DA:723,0
DA:734,0
DA:736,0
DA:738,0
DA:739,0
DA:740,0
DA:741,0
DA:745,0
DA:747,0
DA:748,0
DA:749,0
DA:750,0
DA:754,0
DA:756,0
DA:757,0
DA:758,0
DA:759,0
DA:767,0
DA:770,0
DA:773,0
DA:775,0
DA:776,0
DA:778,0
DA:785,0
DA:787,0
DA:790,0
DA:791,0
DA:793,0
DA:795,0
DA:796,0
DA:797,0
DA:798,0
DA:801,0
DA:803,0
DA:804,0
DA:806,0
DA:808,0
DA:809,0
DA:811,0
DA:817,0
DA:819,0
DA:821,0
DA:829,0
DA:831,0
DA:839,0
DA:841,0
DA:842,0
DA:849,0
DA:851,0
DA:852,0
DA:853,0
DA:854,0
DA:855,0
DA:861,0
DA:862,0
DA:863,0
DA:870,0
DA:872,0
DA:873,0
DA:874,0
DA:875,0
DA:876,0
DA:882,0
DA:883,0
DA:884,0
DA:891,0
DA:893,0
DA:894,0
DA:895,0
DA:896,0
DA:902,0
DA:903,0
DA:909,0
DA:910,0
DA:911,0
DA:918,0
DA:920,0
DA:921,0
DA:922,0
DA:931,0
DA:933,0
DA:934,0
DA:937,0
DA:946,0
DA:952,0
DA:953,0
DA:954,0
DA:962,3
LF:362
LH:225
BRDA:31,0,0,3
BRDA:31,0,1,48
BRDA:42,1,0,7
BRDA:42,1,1,41
BRDA:53,2,0,7
BRDA:53,2,1,41
BRDA:59,3,0,2
BRDA:59,3,1,46
BRDA:64,4,0,2
BRDA:64,4,1,44
BRDA:71,5,0,43
BRDA:71,5,1,5
BRDA:89,6,0,1
BRDA:89,6,1,3
BRDA:89,7,0,4
BRDA:89,7,1,3
BRDA:98,8,0,0
BRDA:98,8,1,3
BRDA:111,9,0,3
BRDA:111,9,1,0
BRDA:117,10,0,2
BRDA:117,10,1,1
BRDA:117,11,0,3
BRDA:117,11,1,2
BRDA:118,12,0,1
BRDA:118,12,1,2
BRDA:118,13,0,3
BRDA:118,13,1,1
BRDA:186,14,0,2
BRDA:186,14,1,18
BRDA:193,15,0,17
BRDA:193,15,1,1
BRDA:193,16,0,18
BRDA:193,16,1,17
BRDA:198,17,0,2
BRDA:198,17,1,16
BRDA:198,18,0,18
BRDA:198,18,1,2
BRDA:198,18,2,2
BRDA:217,19,0,3
BRDA:217,19,1,6
BRDA:217,20,0,9
BRDA:217,20,1,7
BRDA:225,21,0,0
BRDA:225,21,1,6
BRDA:225,22,0,6
BRDA:225,22,1,6
BRDA:241,23,0,4
BRDA:241,23,1,3
BRDA:284,24,0,3
BRDA:284,24,1,3
BRDA:284,25,0,6
BRDA:284,25,1,4
BRDA:292,26,0,0
BRDA:292,26,1,3
BRDA:292,27,0,3
BRDA:292,27,1,3
BRDA:312,28,0,2
BRDA:312,28,1,2
BRDA:323,29,0,2
BRDA:323,29,1,0
BRDA:340,30,0,0
BRDA:340,30,1,2
BRDA:340,31,0,2
BRDA:340,31,1,2
BRDA:377,32,0,2
BRDA:377,32,1,3
BRDA:383,33,0,1
BRDA:383,33,1,2
BRDA:383,34,0,3
BRDA:383,34,1,3
BRDA:396,35,0,0
BRDA:396,35,1,3
BRDA:396,36,0,3
BRDA:396,36,1,3
BRDA:405,37,0,1
BRDA:405,37,1,2
BRDA:427,38,0,0
BRDA:427,38,1,2
BRDA:435,39,0,0
BRDA:435,39,1,2
BRDA:435,40,0,2
BRDA:435,40,1,2
BRDA:455,41,0,0
BRDA:455,41,1,3
BRDA:455,42,0,3
BRDA:455,42,1,3
BRDA:471,43,0,1
BRDA:471,43,1,2
BRDA:566,44,0,1
BRDA:566,44,1,167
BRDA:572,45,0,1
BRDA:572,45,1,11
BRDA:581,46,0,3
BRDA:581,46,1,8
BRDA:582,47,0,3
BRDA:582,47,1,8
BRDA:585,48,0,11
BRDA:585,48,1,0
BRDA:605,49,0,11
BRDA:605,49,1,5
BRDA:606,50,0,11
BRDA:606,50,1,9
BRDA:609,51,0,3
BRDA:609,51,1,8
BRDA:609,52,0,3
BRDA:609,52,1,8
BRDA:632,53,0,3
BRDA:632,53,1,2
BRDA:632,54,0,5
BRDA:632,54,1,3
BRDA:643,55,0,0
BRDA:643,55,1,2
BRDA:650,56,0,2
BRDA:650,56,1,0
BRDA:655,57,0,0
BRDA:655,57,1,3
BRDA:664,58,0,2
BRDA:664,58,1,1
BRDA:668,59,0,1
BRDA:668,59,1,0
BRDA:674,60,0,1
BRDA:674,60,1,0
BRDA:683,61,0,0
BRDA:683,61,1,1
BRDA:683,62,0,1
BRDA:683,62,1,0
BRDA:699,63,0,2
BRDA:699,63,1,1
BRDA:738,64,0,0
BRDA:738,64,1,0
BRDA:738,65,0,0
BRDA:738,65,1,0
BRDA:747,66,0,0
BRDA:747,66,1,0
BRDA:756,67,0,0
BRDA:756,67,1,0
BRDA:773,68,0,0
BRDA:773,68,1,0
BRDA:785,69,0,0
BRDA:785,69,1,0
BRDA:793,70,0,0
BRDA:793,70,1,0
BRDA:801,71,0,0
BRDA:801,71,1,0
BRDA:839,72,0,0
BRDA:839,72,1,0
BRDA:849,73,0,0
BRDA:849,73,1,0
BRDA:870,74,0,0
BRDA:870,74,1,0
BRDA:891,75,0,0
BRDA:891,75,1,0
BRDA:897,76,0,0
BRDA:897,76,1,0
BRDA:918,77,0,0
BRDA:918,77,1,0
BRDA:933,78,0,0
BRDA:933,78,1,0
BRF:159
BRH:111
end_of_record
